#
# There is insufficient memory for the Java Runtime Environment to continue.
# Native memory allocation (mmap) failed to map 249561088 bytes for G1 virtual space
# Possible reasons:
#   The system is out of physical RAM or swap space
#   The process is running with CompressedOops enabled, and the Java Heap may be blocking the growth of the native heap
# Possible solutions:
#   Reduce memory load on the system
#   Increase physical memory or swap space
#   Check if swap backing store is full
#   Decrease Java heap size (-Xmx/-Xms)
#   Decrease number of Java threads
#   Decrease Java thread stack sizes (-Xss)
#   Set larger code cache with -XX:ReservedCodeCacheSize=
#   JVM is running with Zero Based Compressed Oops mode in which the Java heap is
#     placed in the first 32GB address space. The Java Heap base address is the
#     maximum limit for the native heap growth. Please use -XX:HeapBaseMinAddress
#     to set the Java Heap base and to place the Java Heap above 32GB virtual address.
# This output file may be truncated or incomplete.
#
#  Out of Memory Error (os_windows.cpp:3551), pid=19340, tid=18520
#
# JRE version:  (17.0.16+12) (build )
# Java VM: Java HotSpot(TM) 64-Bit Server VM (17.0.16+12-LTS-247, mixed mode, sharing, tiered, compressed oops, compressed class ptrs, g1 gc, windows-amd64)
# No core dump will be written. Minidumps are not enabled by default on client versions of Windows
#

---------------  S U M M A R Y ------------

Command Line: -javaagent:C:\Users\hx\AppData\Local\JetBrains\IntelliJIdea2025.1\captureAgent\debugger-agent.jar=file:///C:/Users/hx/AppData/Local/Temp/capture17682100731767776318.props -ea -Didea.test.cyclic.buffer.size=1048576 -javaagent:D:\Environment\ide\IntelliJ IDEA 2025.1.4.1\lib\idea_rt.jar=3528 -Dkotlinx.coroutines.debug.enable.creation.stack.trace=false -Ddebugger.agent.enable.coroutines=true -Dkotlinx.coroutines.debug.enable.flows.stack.trace=true -Dkotlinx.coroutines.debug.enable.mutable.state.flows.stack.trace=true -Dfile.encoding=UTF-8 com.intellij.rt.junit.JUnitStarter -ideVersion5 -junit5 com.school.services.impl.UserServiceImplTest,registerUserToProvider

Host: AMD Ryzen 5 5500U with Radeon Graphics         , 12 cores, 14G,  Windows 10 , 64 bit Build 19041 (10.0.19041.6807)
Time: Thu Mar  5 20:48:38 2026  Windows 10 , 64 bit Build 19041 (10.0.19041.6807) elapsed time: 0.030192 seconds (0d 0h 0m 0s)

---------------  T H R E A D  ---------------

Current thread (0x0000020835169990):  JavaThread "Unknown thread" [_thread_in_vm, id=18520, stack(0x0000009ddd200000,0x0000009ddd300000)]

Stack: [0x0000009ddd200000,0x0000009ddd300000]
Native frames: (J=compiled Java code, j=interpreted, Vv=VM code, C=native code)
V  [jvm.dll+0x67a46a]
V  [jvm.dll+0x7da77d]
V  [jvm.dll+0x7dc0c3]
V  [jvm.dll+0x7dc733]
V  [jvm.dll+0x24523f]
V  [jvm.dll+0x677499]
V  [jvm.dll+0x66c122]
V  [jvm.dll+0x302156]
V  [jvm.dll+0x3096f6]
V  [jvm.dll+0x35a04e]
V  [jvm.dll+0x35a27f]
V  [jvm.dll+0x2d9228]
V  [jvm.dll+0x2da194]
V  [jvm.dll+0x7acf61]
V  [jvm.dll+0x3678b1]
V  [jvm.dll+0x78bf39]
V  [jvm.dll+0x3ecc6e]
V  [jvm.dll+0x3ee8a1]
C  [jli.dll+0x5297]
C  [ucrtbase.dll+0x21bb2]
C  [KERNEL32.DLL+0x17374]
C  [ntdll.dll+0x4cc91]


---------------  P R O C E S S  ---------------

Threads class SMR info:
_java_thread_list=0x00007ff9f4f18a18, length=0, elements={
}

Java Threads: ( => current thread )

Other Threads:
  0x00000208351d3040 GCTaskThread "GC Thread#0" [stack: 0x0000009ddd300000,0x0000009ddd400000] [id=21496]
  0x00000208351dffc0 ConcurrentGCThread "G1 Main Marker" [stack: 0x0000009ddd400000,0x0000009ddd500000] [id=29156]
  0x00000208351e07e0 ConcurrentGCThread "G1 Conc#0" [stack: 0x0000009ddd500000,0x0000009ddd600000] [id=48844]

[error occurred during error reporting (printing all threads), id 0xc0000005, EXCEPTION_ACCESS_VIOLATION (0xc0000005) at pc=0x00007ff9f4749d17]

VM state: not at safepoint (not fully initialized)

VM Mutex/Monitor currently owned by a thread:  ([mutex/lock_event])
[0x00000208351660b0] Heap_lock - owner thread: 0x0000020835169990

Heap address: 0x0000000712800000, size: 3800 MB, Compressed Oops mode: Zero based, Oop shift amount: 3

CDS archive(s) mapped at: [0x0000000000000000-0x0000000000000000-0x0000000000000000), size 0, SharedBaseAddress: 0x0000000800000000, ArchiveRelocationMode: 1.
Narrow klass base: 0x0000000000000000, Narrow klass shift: 0, Narrow klass range: 0x0

GC Precious Log:
<Empty>

Heap:
 garbage-first heap   total 0K, used 0K [0x0000000712800000, 0x0000000800000000)
  region size 2048K, 0 young (0K), 0 survivors (0K)

[error occurred during error reporting (printing heap information), id 0xc0000005, EXCEPTION_ACCESS_VIOLATION (0xc0000005) at pc=0x00007ff9f4b33c09]

GC Heap History (0 events):
No events

Deoptimization events (0 events):
No events

Classes unloaded (0 events):
No events

Classes redefined (0 events):
No events

Internal exceptions (0 events):
No events

VM Operations (0 events):
No events

Events (2 events):
Event: 0.025 Loaded shared library D:\Environment\java\jdk17\bin\java.dll
Event: 0.026 Loaded shared library D:\Environment\java\jdk17\bin\zip.dll


Dynamic libraries:
0x00007ff72b680000 - 0x00007ff72b690000 	D:\Environment\java\jdk17\bin\java.exe
0x00007ffa3cd90000 - 0x00007ffa3cf88000 	C:\Windows\SYSTEM32\ntdll.dll
0x00007ffa3c3f0000 - 0x00007ffa3c4b2000 	C:\Windows\System32\KERNEL32.DLL
0x00007ffa3a410000 - 0x00007ffa3a707000 	C:\Windows\System32\KERNELBASE.dll
0x00007ffa3a760000 - 0x00007ffa3a860000 	C:\Windows\System32\ucrtbase.dll
0x00007ffa22840000 - 0x00007ffa2285b000 	D:\Environment\java\jdk17\bin\VCRUNTIME140.dll
0x00007ffa22860000 - 0x00007ffa22879000 	D:\Environment\java\jdk17\bin\jli.dll
0x00007ffa3c990000 - 0x00007ffa3ca41000 	C:\Windows\System32\ADVAPI32.dll
0x00007ffa3c690000 - 0x00007ffa3c72e000 	C:\Windows\System32\msvcrt.dll
0x00007ffa3ccb0000 - 0x00007ffa3cd4f000 	C:\Windows\System32\sechost.dll
0x00007ffa3c760000 - 0x00007ffa3c880000 	C:\Windows\System32\RPCRT4.dll
0x00007ffa3ab40000 - 0x00007ffa3ab67000 	C:\Windows\System32\bcrypt.dll
0x00007ffa3b7a0000 - 0x00007ffa3b941000 	C:\Windows\System32\USER32.dll
0x00007ffa298f0000 - 0x00007ffa29b8b000 	C:\Windows\WinSxS\amd64_microsoft.windows.common-controls_6595b64144ccf1df_6.0.19041.6456_none_60b8a6cb71f64256\COMCTL32.dll
0x00007ffa3a900000 - 0x00007ffa3a922000 	C:\Windows\System32\win32u.dll
0x00007ffa3cb20000 - 0x00007ffa3cb4b000 	C:\Windows\System32\GDI32.dll
0x00007ffa3ab70000 - 0x00007ffa3ac89000 	C:\Windows\System32\gdi32full.dll
0x00007ffa3a860000 - 0x00007ffa3a8fd000 	C:\Windows\System32\msvcp_win.dll
0x00007ffa2f9e0000 - 0x00007ffa2f9ea000 	C:\Windows\SYSTEM32\VERSION.dll
0x00007ffa3c730000 - 0x00007ffa3c75f000 	C:\Windows\System32\IMM32.DLL
0x00007ffa22830000 - 0x00007ffa2283c000 	D:\Environment\java\jdk17\bin\vcruntime140_1.dll
0x00007ffa1ca60000 - 0x00007ffa1caee000 	D:\Environment\java\jdk17\bin\msvcp140.dll
0x00007ff9f4460000 - 0x00007ff9f5041000 	D:\Environment\java\jdk17\bin\server\jvm.dll
0x00007ffa3c3e0000 - 0x00007ffa3c3e8000 	C:\Windows\System32\PSAPI.DLL
0x00007ffa2f7c0000 - 0x00007ffa2f7e7000 	C:\Windows\SYSTEM32\WINMM.dll
0x00007ffa36010000 - 0x00007ffa36019000 	C:\Windows\SYSTEM32\WSOCK32.dll
0x00007ffa3cab0000 - 0x00007ffa3cb1b000 	C:\Windows\System32\WS2_32.dll
0x00007ffa38c20000 - 0x00007ffa38c32000 	C:\Windows\SYSTEM32\kernel.appcore.dll
0x00007ffa1fcf0000 - 0x00007ffa1fcfa000 	D:\Environment\java\jdk17\bin\jimage.dll
0x00007ffa37e40000 - 0x00007ffa38041000 	C:\Windows\SYSTEM32\DBGHELP.DLL
0x00007ffa29bb0000 - 0x00007ffa29be4000 	C:\Windows\SYSTEM32\dbgcore.DLL
0x00007ffa3ad10000 - 0x00007ffa3ad92000 	C:\Windows\System32\bcryptPrimitives.dll
0x00007ffa1f240000 - 0x00007ffa1f24e000 	D:\Environment\java\jdk17\bin\instrument.dll
0x00007ffa1fcc0000 - 0x00007ffa1fce5000 	D:\Environment\java\jdk17\bin\java.dll
0x00007ffa1e7c0000 - 0x00007ffa1e7d8000 	D:\Environment\java\jdk17\bin\zip.dll

dbghelp: loaded successfully - version: 4.0.5 - missing functions: none
symbol engine: initialized successfully - sym options: 0x614 - pdb path: .;D:\Environment\java\jdk17\bin;C:\Windows\SYSTEM32;C:\Windows\WinSxS\amd64_microsoft.windows.common-controls_6595b64144ccf1df_6.0.19041.6456_none_60b8a6cb71f64256;D:\Environment\java\jdk17\bin\server

VM Arguments:
jvm_args: -javaagent:C:\Users\hx\AppData\Local\JetBrains\IntelliJIdea2025.1\captureAgent\debugger-agent.jar=file:///C:/Users/hx/AppData/Local/Temp/capture17682100731767776318.props -ea -Didea.test.cyclic.buffer.size=1048576 -javaagent:D:\Environment\ide\IntelliJ IDEA 2025.1.4.1\lib\idea_rt.jar=3528 -Dkotlinx.coroutines.debug.enable.creation.stack.trace=false -Ddebugger.agent.enable.coroutines=true -Dkotlinx.coroutines.debug.enable.flows.stack.trace=true -Dkotlinx.coroutines.debug.enable.mutable.state.flows.stack.trace=true -Dfile.encoding=UTF-8 
java_command: com.intellij.rt.junit.JUnitStarter -ideVersion5 -junit5 com.school.services.impl.UserServiceImplTest,registerUserToProvider
java_class_path (initial): C:\Users\hx\.m2\repository\org\junit\platform\junit-platform-launcher\1.8.2\junit-platform-launcher-1.8.2.jar;C:\Users\hx\.m2\repository\org\junit\vintage\junit-vintage-engine\5.8.2\junit-vintage-engine-5.8.2.jar;D:\Environment\ide\IntelliJ IDEA 2025.1.4.1\lib\idea_rt.jar;D:\Environment\ide\IntelliJ IDEA 2025.1.4.1\plugins\junit\lib\junit5-rt.jar;D:\Environment\ide\IntelliJ IDEA 2025.1.4.1\plugins\junit\lib\junit-rt.jar;D:\GraduationProject\campus_app_server\school\target\test-classes;D:\GraduationProject\campus_app_server\school\target\classes;C:\Users\hx\.m2\repository\org\springframework\cloud\spring-cloud-starter-openfeign\3.1.8\spring-cloud-starter-openfeign-3.1.8.jar;C:\Users\hx\.m2\repository\org\springframework\cloud\spring-cloud-starter\3.1.7\spring-cloud-starter-3.1.7.jar;C:\Users\hx\.m2\repository\org\springframework\cloud\spring-cloud-context\3.1.7\spring-cloud-context-3.1.7.jar;C:\Users\hx\.m2\repository\org\springframework\security\spring-security-rsa\1.0.11.RELEASE\spring-security-rsa-1.0.11.RELEASE.jar;C:\Users\hx\.m2\repository\org\bouncycastle\bcpkix-jdk15on\1.69\bcpkix-jdk15on-1.69.jar;C:\Users\hx\.m2\repository\org\bouncycastle\bcutil-jdk15on\1.69\bcutil-jdk15on-1.69.jar;C:\Users\hx\.m2\repository\org\springframework\cloud\spring-cloud-openfeign-core\3.1.8\spring-cloud-openfeign-core-3.1.8.jar;C:\Users\hx\.m2\repository\org\springframework\boot\spring-boot-starter-aop\2.7.12\spring-boot-starter-aop-2.7.12.jar;C:\Users\hx\.m2\repository\org\aspectj\aspectjweaver\1.9.7\aspectjweaver-1.9.7.jar;C:\Users\hx\.m2\repository\org\springframework\spring-web\5.3.27\spring-web-5.3.27.jar;C:\Users\hx\.m2\repository\org\springframework\spring-beans\5.3.27\spring-beans-5.3.27.jar;C:\Users\hx\.m2\repository\org\springframework\cloud\spring-cloud-commons\3.1.7\spring-cloud-commons-3.1.7.jar;C:\Users\hx\.m2\repository\org\springframework\security\spring-security-crypto\5.7.8\spring-security-crypto-5.7.8.jar;C:\Users\hx\.m2\repository\i
Launcher Type: SUN_STANDARD

[Global flags]
     intx CICompilerCount                          = 4                                         {product} {ergonomic}
     uint ConcGCThreads                            = 3                                         {product} {ergonomic}
     uint G1ConcRefinementThreads                  = 10                                        {product} {ergonomic}
   size_t G1HeapRegionSize                         = 2097152                                   {product} {ergonomic}
    uintx GCDrainStackTargetSize                   = 64                                        {product} {ergonomic}
   size_t InitialHeapSize                          = 249561088                                 {product} {ergonomic}
   size_t MarkStackSize                            = 4194304                                   {product} {ergonomic}
   size_t MaxHeapSize                              = 3984588800                                {product} {ergonomic}
   size_t MinHeapDeltaBytes                        = 2097152                                   {product} {ergonomic}
   size_t MinHeapSize                              = 8388608                                   {product} {ergonomic}
    uintx NonNMethodCodeHeapSize                   = 5839372                                {pd product} {ergonomic}
    uintx NonProfiledCodeHeapSize                  = 122909434                              {pd product} {ergonomic}
    uintx ProfiledCodeHeapSize                     = 122909434                              {pd product} {ergonomic}
    uintx ReservedCodeCacheSize                    = 251658240                              {pd product} {ergonomic}
     bool SegmentedCodeCache                       = true                                      {product} {ergonomic}
   size_t SoftMaxHeapSize                          = 3984588800                             {manageable} {ergonomic}
     bool UseCompressedClassPointers               = true                           {product lp64_product} {ergonomic}
     bool UseCompressedOops                        = true                           {product lp64_product} {ergonomic}
     bool UseG1GC                                  = true                                      {product} {ergonomic}
     bool UseLargePagesIndividualAllocation        = false                                  {pd product} {ergonomic}

Logging:
Log output configuration:
 #0: stdout all=warning uptime,level,tags
 #1: stderr all=off uptime,level,tags

Environment Variables:
PATH=D:\Environment\java\jdk17;D:\Environment\java\jdk17\bin;C:\Program Files\Common Files\Oracle\Java\javapath;C:\Windows\system32;C:\Windows;C:\Windows\System32\Wbem;C:\Windows\System32\WindowsPowerShell\v1.0\;C:\Windows\System32\OpenSSH\;D:\Environment\sqlite;D:\Environment\flutter\bin;C:\Program Files\nodejs\;D:\Environment\maven\bin;D:\Environment\gradle-7.2\bin;D:\Environment\.android\sdk\platform-tools;D:\Environment\Git\cmd;D:\Environment\go\bin;D:\Environment\Python311\Scripts\;D:\Environment\Python311\;C:\Users\hx\AppData\Roaming\npm;C:\Users\hx\go\bin
USERNAME=hx
OS=Windows_NT
PROCESSOR_IDENTIFIER=AMD64 Family 23 Model 104 Stepping 1, AuthenticAMD



---------------  S Y S T E M  ---------------

OS:
 Windows 10 , 64 bit Build 19041 (10.0.19041.6807)
OS uptime: 1 days 10:51 hours

CPU: total 12 (initial active 12) (12 cores per cpu, 2 threads per core) family 23 model 104 stepping 1 microcode 0x0, cx8, cmov, fxsr, ht, mmx, 3dnowpref, sse, sse2, sse3, ssse3, sse4a, sse4.1, sse4.2, popcnt, lzcnt, tsc, tscinvbit, avx, avx2, aes, clmul, bmi1, bmi2, adx, sha, fma, vzeroupper, clflush, clflushopt

Memory: 4k page, system-wide physical 15194M (1081M free)
TotalPageFile size 25383M (AvailPageFile size 128M)
current process WorkingSet (physical memory assigned to process): 11M, peak: 11M
current process commit charge ("private bytes"): 64M, peak: 302M

vm_info: Java HotSpot(TM) 64-Bit Server VM (17.0.16+12-LTS-247) for windows-amd64 JRE (17.0.16+12-LTS-247), built on Jun 27 2025 10:11:42 by "mach5one" with MS VC++ 17.6 (VS2022)

END.
